running egg_info
creating ../../build/input_node/input_node.egg-info
writing ../../build/input_node/input_node.egg-info/PKG-INFO
writing dependency_links to ../../build/input_node/input_node.egg-info/dependency_links.txt
writing entry points to ../../build/input_node/input_node.egg-info/entry_points.txt
writing requirements to ../../build/input_node/input_node.egg-info/requires.txt
writing top-level names to ../../build/input_node/input_node.egg-info/top_level.txt
writing manifest file '../../build/input_node/input_node.egg-info/SOURCES.txt'
reading manifest file '../../build/input_node/input_node.egg-info/SOURCES.txt'
writing manifest file '../../build/input_node/input_node.egg-info/SOURCES.txt'
running build
running build_py
creating /home/satak/ros2_workspace/build/input_node/build
creating /home/satak/ros2_workspace/build/input_node/build/lib
creating /home/satak/ros2_workspace/build/input_node/build/lib/input_node
copying input_node/__init__.py -> /home/satak/ros2_workspace/build/input_node/build/lib/input_node
copying input_node/input_node.py -> /home/satak/ros2_workspace/build/input_node/build/lib/input_node
running install
running install_lib
creating /home/satak/ros2_workspace/install/input_node/lib/python3.12/site-packages/input_node
copying /home/satak/ros2_workspace/build/input_node/build/lib/input_node/__init__.py -> /home/satak/ros2_workspace/install/input_node/lib/python3.12/site-packages/input_node
copying /home/satak/ros2_workspace/build/input_node/build/lib/input_node/input_node.py -> /home/satak/ros2_workspace/install/input_node/lib/python3.12/site-packages/input_node
byte-compiling /home/satak/ros2_workspace/install/input_node/lib/python3.12/site-packages/input_node/__init__.py to __init__.cpython-312.pyc
byte-compiling /home/satak/ros2_workspace/install/input_node/lib/python3.12/site-packages/input_node/input_node.py to input_node.cpython-312.pyc
running install_data
creating /home/satak/ros2_workspace/install/input_node/share/ament_index
creating /home/satak/ros2_workspace/install/input_node/share/ament_index/resource_index
creating /home/satak/ros2_workspace/install/input_node/share/ament_index/resource_index/packages
copying resource/input_node -> /home/satak/ros2_workspace/install/input_node/share/ament_index/resource_index/packages
copying package.xml -> /home/satak/ros2_workspace/install/input_node/share/input_node
running install_egg_info
Copying ../../build/input_node/input_node.egg-info to /home/satak/ros2_workspace/install/input_node/lib/python3.12/site-packages/input_node-0.0.0-py3.12.egg-info
running install_scripts
Installing input_node script to /home/satak/ros2_workspace/install/input_node/lib/input_node
writing list of installed files to '/home/satak/ros2_workspace/build/input_node/install.log'
