[1.689s] Invoking command in '/home/satak/ros2_workspace/src/control_node': PYTHONPATH=/home/satak/ros2_workspace/build/control_node/prefix_override:/usr/lib/python3/dist-packages/colcon_core/task/python/colcon_distutils_commands:/home/satak/ros2_workspace/install/control_node/lib/python3.12/site-packages:${PYTHONPATH} /usr/bin/python3 -W ignore:setup.py install is deprecated -W ignore:easy_install command is deprecated setup.py egg_info --egg-base ../../build/control_node build --build-base /home/satak/ros2_workspace/build/control_node/build install --record /home/satak/ros2_workspace/build/control_node/install.log --single-version-externally-managed install_data
[1.995s] running egg_info
[1.995s] creating ../../build/control_node/control_node.egg-info
[2.020s] writing ../../build/control_node/control_node.egg-info/PKG-INFO
[2.021s] writing dependency_links to ../../build/control_node/control_node.egg-info/dependency_links.txt
[2.021s] writing entry points to ../../build/control_node/control_node.egg-info/entry_points.txt
[2.021s] writing requirements to ../../build/control_node/control_node.egg-info/requires.txt
[2.022s] writing top-level names to ../../build/control_node/control_node.egg-info/top_level.txt
[2.022s] writing manifest file '../../build/control_node/control_node.egg-info/SOURCES.txt'
[2.070s] reading manifest file '../../build/control_node/control_node.egg-info/SOURCES.txt'
[2.072s] writing manifest file '../../build/control_node/control_node.egg-info/SOURCES.txt'
[2.073s] running build
[2.073s] running build_py
[2.073s] creating /home/satak/ros2_workspace/build/control_node/build
[2.073s] creating /home/satak/ros2_workspace/build/control_node/build/lib
[2.073s] creating /home/satak/ros2_workspace/build/control_node/build/lib/control_node
[2.082s] copying control_node/__init__.py -> /home/satak/ros2_workspace/build/control_node/build/lib/control_node
[2.082s] copying control_node/control_node.py -> /home/satak/ros2_workspace/build/control_node/build/lib/control_node
[2.082s] running install
[2.089s] running install_lib
[2.114s] creating /home/satak/ros2_workspace/install/control_node/lib/python3.12/site-packages/control_node
[2.115s] copying /home/satak/ros2_workspace/build/control_node/build/lib/control_node/__init__.py -> /home/satak/ros2_workspace/install/control_node/lib/python3.12/site-packages/control_node
[2.115s] copying /home/satak/ros2_workspace/build/control_node/build/lib/control_node/control_node.py -> /home/satak/ros2_workspace/install/control_node/lib/python3.12/site-packages/control_node
[2.115s] byte-compiling /home/satak/ros2_workspace/install/control_node/lib/python3.12/site-packages/control_node/__init__.py to __init__.cpython-312.pyc
[2.116s] byte-compiling /home/satak/ros2_workspace/install/control_node/lib/python3.12/site-packages/control_node/control_node.py to control_node.cpython-312.pyc
[2.117s] running install_data
[2.117s] creating /home/satak/ros2_workspace/install/control_node/share/ament_index
[2.117s] creating /home/satak/ros2_workspace/install/control_node/share/ament_index/resource_index
[2.118s] creating /home/satak/ros2_workspace/install/control_node/share/ament_index/resource_index/packages
[2.118s] copying resource/control_node -> /home/satak/ros2_workspace/install/control_node/share/ament_index/resource_index/packages
[2.118s] copying package.xml -> /home/satak/ros2_workspace/install/control_node/share/control_node
[2.118s] running install_egg_info
[2.144s] Copying ../../build/control_node/control_node.egg-info to /home/satak/ros2_workspace/install/control_node/lib/python3.12/site-packages/control_node-0.0.0-py3.12.egg-info
[2.146s] running install_scripts
[2.306s] Installing control_node script to /home/satak/ros2_workspace/install/control_node/lib/control_node
[2.306s] writing list of installed files to '/home/satak/ros2_workspace/build/control_node/install.log'
[2.354s] Invoked command in '/home/satak/ros2_workspace/src/control_node' returned '0': PYTHONPATH=/home/satak/ros2_workspace/build/control_node/prefix_override:/usr/lib/python3/dist-packages/colcon_core/task/python/colcon_distutils_commands:/home/satak/ros2_workspace/install/control_node/lib/python3.12/site-packages:${PYTHONPATH} /usr/bin/python3 -W ignore:setup.py install is deprecated -W ignore:easy_install command is deprecated setup.py egg_info --egg-base ../../build/control_node build --build-base /home/satak/ros2_workspace/build/control_node/build install --record /home/satak/ros2_workspace/build/control_node/install.log --single-version-externally-managed install_data
